0 info it worked if it ends with ok
1 verbose cli [ 'c:\\Program Files\\nodejs\\node.exe',
1 verbose cli   'c:\\Users\\Philip\\AppData\\Roaming\\npm\\node_modules\\npm\\bin\\npm-cli.js',
1 verbose cli   'install',
1 verbose cli   '--global',
1 verbose cli   'foundation-cli' ]
2 info using npm@2.10.1
3 info using node@v0.10.33
4 verbose install initial load of c:\Program Files\nodejs\package.json
5 verbose readDependencies loading dependencies from c:\Program Files\nodejs\package.json
6 silly cache add args [ 'foundation-cli', null ]
7 verbose cache add spec foundation-cli
8 silly cache add parsed spec { raw: 'foundation-cli',
8 silly cache add   scope: null,
8 silly cache add   name: 'foundation-cli',
8 silly cache add   rawSpec: '',
8 silly cache add   spec: '*',
8 silly cache add   type: 'range' }
9 silly addNamed foundation-cli@*
10 verbose addNamed "*" is a valid semver range for foundation-cli
11 silly addNameRange { name: 'foundation-cli', range: '*', hasData: false }
12 silly mapToRegistry name foundation-cli
13 silly mapToRegistry using default registry
14 silly mapToRegistry registry https://registry.npmjs.org/
15 silly mapToRegistry uri https://registry.npmjs.org/foundation-cli
16 verbose addNameRange registry:https://registry.npmjs.org/foundation-cli not in flight; fetching
17 verbose request uri https://registry.npmjs.org/foundation-cli
18 verbose request no auth needed
19 info attempt registry request try #1 at 22:18:30
20 verbose request id e9940716083eaf41
21 http request GET https://registry.npmjs.org/foundation-cli
22 http 200 https://registry.npmjs.org/foundation-cli
23 silly get cb [ 200,
23 silly get   { server: 'CouchDB/1.5.0 (Erlang OTP/R16B03)',
23 silly get     etag: '"1QMMVXLUCTZHE1VX60TV855XA"',
23 silly get     'content-type': 'application/json',
23 silly get     'cache-control': 'max-age=300',
23 silly get     'content-length': '24684',
23 silly get     'accept-ranges': 'bytes',
23 silly get     date: 'Mon, 04 Jan 2016 04:18:33 GMT',
23 silly get     via: '1.1 varnish',
23 silly get     age: '0',
23 silly get     connection: 'keep-alive',
23 silly get     'x-served-by': 'cache-dfw1830-DFW',
23 silly get     'x-cache': 'HIT',
23 silly get     'x-cache-hits': '1',
23 silly get     'x-timer': 'S1451881113.681703,VS0,VE184',
23 silly get     vary: 'Accept' } ]
24 verbose get saving foundation-cli to C:\Users\Philip\AppData\Roaming\npm-cache\registry.npmjs.org\foundation-cli\.cache.json
25 silly addNameRange number 2 { name: 'foundation-cli', range: '*', hasData: true }
26 silly addNameRange versions [ 'foundation-cli',
26 silly addNameRange   [ '0.1.0',
26 silly addNameRange     '0.2.0',
26 silly addNameRange     '1.0.0-rc.1',
26 silly addNameRange     '1.0.0',
26 silly addNameRange     '1.0.1',
26 silly addNameRange     '1.0.2',
26 silly addNameRange     '1.0.3',
26 silly addNameRange     '1.0.4',
26 silly addNameRange     '1.1.0',
26 silly addNameRange     '1.1.1',
26 silly addNameRange     '1.1.2',
26 silly addNameRange     '2.0.0-beta',
26 silly addNameRange     '2.0.0-beta.2',
26 silly addNameRange     '2.0.0-beta.3',
26 silly addNameRange     '2.0.0-beta.4',
26 silly addNameRange     '2.0.0',
26 silly addNameRange     '2.0.1' ] ]
27 silly addNamed foundation-cli@2.0.1
28 verbose addNamed "2.0.1" is a plain semver version for foundation-cli
29 silly mapToRegistry name foundation-cli
30 silly mapToRegistry using default registry
31 silly mapToRegistry registry https://registry.npmjs.org/
32 silly mapToRegistry uri https://registry.npmjs.org/foundation-cli
33 verbose addRemoteTarball https://registry.npmjs.org/foundation-cli/-/foundation-cli-2.0.1.tgz not in flight; adding
34 verbose addRemoteTarball [ 'https://registry.npmjs.org/foundation-cli/-/foundation-cli-2.0.1.tgz',
34 verbose addRemoteTarball   '76849564a17de1342b8fcd4a9f2586fc7eef6794' ]
35 info retry fetch attempt 1 at 22:18:30
36 info attempt registry request try #1 at 22:18:30
37 http fetch GET https://registry.npmjs.org/foundation-cli/-/foundation-cli-2.0.1.tgz
38 http fetch 200 https://registry.npmjs.org/foundation-cli/-/foundation-cli-2.0.1.tgz
39 silly fetchAndShaCheck shasum 76849564a17de1342b8fcd4a9f2586fc7eef6794
40 verbose addTmpTarball C:\Users\Philip\AppData\Local\Temp\npm-4248-8d91ba6f\registry.npmjs.org\foundation-cli\-\foundation-cli-2.0.1.tgz not in flight; adding
41 verbose addTmpTarball already have metadata; skipping unpack for foundation-cli@2.0.1
42 silly cache afterAdd foundation-cli@2.0.1
43 verbose afterAdd C:\Users\Philip\AppData\Roaming\npm-cache\foundation-cli\2.0.1\package\package.json not in flight; writing
44 verbose afterAdd C:\Users\Philip\AppData\Roaming\npm-cache\foundation-cli\2.0.1\package\package.json written
45 silly install resolved [ { name: 'foundation-cli',
45 silly install resolved     version: '2.0.1',
45 silly install resolved     description: 'Command-line interface for Foundation for Apps.',
45 silly install resolved     keywords: [ 'foundation', 'cli', 'scaffold' ],
45 silly install resolved     author:
45 silly install resolved      { name: 'ZURB',
45 silly install resolved        email: 'foundation@zurb.com',
45 silly install resolved        url: 'http://zurb.com' },
45 silly install resolved     main: 'lib/index.js',
45 silly install resolved     bin: { foundation: './bin/foundation.js' },
45 silly install resolved     dependencies:
45 silly install resolved      { async: '^0.9.0',
45 silly install resolved        bower: '^1.6.8',
45 silly install resolved        colors: '^1.0.3',
45 silly install resolved        inquirer: '^0.8.3',
45 silly install resolved        'is-root': '^1.0.0',
45 silly install resolved        multiline: '^1.0.2',
45 silly install resolved        nopt: '^3.0.1',
45 silly install resolved        npm: '^2.1.12',
45 silly install resolved        'paint-by-number': '1.0.0',
45 silly install resolved        rimraf: '^2.2.8',
45 silly install resolved        semver: '^4.3.0',
45 silly install resolved        'string-length': '^1.0.0',
45 silly install resolved        'update-notifier': '^0.2.2',
45 silly install resolved        which: '^1.0.8' },
45 silly install resolved     homepage: 'http://foundation.zurb.com',
45 silly install resolved     repository:
45 silly install resolved      { type: 'git',
45 silly install resolved        url: 'git+https://github.com/zurb/foundation-cli.git' },
45 silly install resolved     bugs: { url: 'https://github.com/zurb/foundation-cli/issues' },
45 silly install resolved     scripts: { test: 'node bin/cli.js new' },
45 silly install resolved     preferGlobal: true,
45 silly install resolved     engines: { node: '>=0.10.33' },
45 silly install resolved     license: 'MIT',
45 silly install resolved     gitHead: '72211422ff43d0ef2a0f2bd5e65e218bca147dd0',
45 silly install resolved     _id: 'foundation-cli@2.0.1',
45 silly install resolved     _shasum: '76849564a17de1342b8fcd4a9f2586fc7eef6794',
45 silly install resolved     _from: 'foundation-cli@*',
45 silly install resolved     _npmVersion: '2.8.4',
45 silly install resolved     _nodeVersion: '0.10.38',
45 silly install resolved     _npmUser: { name: 'gakimball', email: 'geoff@zurb.com' },
45 silly install resolved     dist:
45 silly install resolved      { shasum: '76849564a17de1342b8fcd4a9f2586fc7eef6794',
45 silly install resolved        tarball: 'http://registry.npmjs.org/foundation-cli/-/foundation-cli-2.0.1.tgz' },
45 silly install resolved     maintainers: [ [Object], [Object], [Object] ],
45 silly install resolved     directories: {},
45 silly install resolved     _resolved: 'https://registry.npmjs.org/foundation-cli/-/foundation-cli-2.0.1.tgz' } ]
46 info install foundation-cli@2.0.1 into c:\Program Files\nodejs
47 info installOne foundation-cli@2.0.1
48 verbose installOne of foundation-cli to c:\Program Files\nodejs not in flight; installing
49 verbose lock using C:\Users\Philip\AppData\Roaming\npm-cache\_locks\foundation-cli-7f4b554a11c41c17.lock for c:\Program Files\nodejs\node_modules\foundation-cli
50 silly install write writing foundation-cli 2.0.1 to c:\Program Files\nodejs\node_modules\foundation-cli
51 verbose unbuild node_modules\foundation-cli
52 silly gentlyRm c:\Program Files\nodejs\node_modules\foundation-cli is being purged from base c:\Program Files\nodejs
53 verbose gentlyRm don't care about contents; nuking c:\Program Files\nodejs\node_modules\foundation-cli
54 verbose tar unpack C:\Users\Philip\AppData\Roaming\npm-cache\foundation-cli\2.0.1\package.tgz
55 verbose tar unpacking to c:\Program Files\nodejs\node_modules\foundation-cli
56 silly gentlyRm c:\Program Files\nodejs\node_modules\foundation-cli is being purged
57 verbose gentlyRm don't care about contents; nuking c:\Program Files\nodejs\node_modules\foundation-cli
58 silly gunzTarPerm modes [ '777', '666' ]
59 error tar.unpack untar error C:\Users\Philip\AppData\Roaming\npm-cache\foundation-cli\2.0.1\package.tgz
60 verbose unlock done using C:\Users\Philip\AppData\Roaming\npm-cache\_locks\foundation-cli-7f4b554a11c41c17.lock for c:\Program Files\nodejs\node_modules\foundation-cli
61 verbose fstream_path c:\Program Files\nodejs\node_modules\foundation-cli
62 verbose fstream_type Directory
63 verbose fstream_class DirWriter
64 verbose stack Error: EPERM, mkdir 'c:\Program Files\nodejs\node_modules\foundation-cli'
65 verbose fstream_stack c:\Users\Philip\AppData\Roaming\npm\node_modules\npm\node_modules\fstream\lib\dir-writer.js:35:25
65 verbose fstream_stack c:\Users\Philip\AppData\Roaming\npm\node_modules\npm\node_modules\mkdirp\index.js:47:53
65 verbose fstream_stack Object.oncomplete (fs.js:107:15)
66 verbose cwd c:\Users\Philip\Documents\Web Design\marionette-sample
67 error Windows_NT 6.1.7601
68 error argv "c:\\Program Files\\nodejs\\node.exe" "c:\\Users\\Philip\\AppData\\Roaming\\npm\\node_modules\\npm\\bin\\npm-cli.js" "install" "--global" "foundation-cli"
69 error node v0.10.33
70 error npm  v2.10.1
71 error path c:\Program Files\nodejs\node_modules\foundation-cli
72 error code EPERM
73 error errno 50
74 error Error: EPERM, mkdir 'c:\Program Files\nodejs\node_modules\foundation-cli'
74 error  { [Error: EPERM, mkdir 'c:\Program Files\nodejs\node_modules\foundation-cli']
74 error   errno: 50,
74 error   code: 'EPERM',
74 error   path: 'c:\\Program Files\\nodejs\\node_modules\\foundation-cli',
74 error   fstream_type: 'Directory',
74 error   fstream_path: 'c:\\Program Files\\nodejs\\node_modules\\foundation-cli',
74 error   fstream_class: 'DirWriter',
74 error   fstream_stack:
74 error    [ 'c:\\Users\\Philip\\AppData\\Roaming\\npm\\node_modules\\npm\\node_modules\\fstream\\lib\\dir-writer.js:35:25',
74 error      'c:\\Users\\Philip\\AppData\\Roaming\\npm\\node_modules\\npm\\node_modules\\mkdirp\\index.js:47:53',
74 error      'Object.oncomplete (fs.js:107:15)' ] }
75 error Please try running this command again as root/Administrator.
76 verbose exit [ 50, true ]
77 verbose unbuild node_modules\foundation-cli
78 silly gentlyRm c:\Program Files\nodejs\node_modules\foundation-cli is being purged from base c:\Program Files\nodejs
79 verbose gentlyRm don't care about contents; nuking c:\Program Files\nodejs\node_modules\foundation-cli
